<?xml version="1.0" encoding="UTF-8"?>
<!-- Generated by org.testng.reporters.JUnitReportReporter -->
<testsuite hostname="LAPTOP-7E9GFJ90" failures="0" tests="1" name="Tests.UI_scenarios" time="12.100" errors="0" timestamp="2023-03-06T04:43:55 IST" skipped="0">
  <testcase classname="Tests.UI_scenarios" name="TestCreative" time="12.100"/>
  <system-out/>
</testsuite> <!-- Tests.UI_scenarios -->
